2026-03-29 10:38:36,791 [INFO] Activator:176 - 


2026-03-29 10:38:36,817 [INFO] Activator:177 - !SESSION log4j initialized
2026-03-29 10:38:40,423 [INFO] LogOutputStream:77 - [STDOUT_REDIRECT] 
2026-03-29 10:38:41,578 [INFO] ApplicationProperties:184 - Using Application install path: /home/dim0k/st/stm32cubeide_1.19.0/plugins/com.st.stm32cube.common.mx_6.15.0.202507011659
2026-03-29 10:38:41,590 [INFO] DbMcusXml:78 - Set database path to: /home/dim0k/st/stm32cubeide_1.19.0/plugins/com.st.stm32cube.common.mx_6.15.0.202507011659//db//mcu/
2026-03-29 10:38:41,590 [INFO] ApiDb:274 - Set plugin database path to: /home/dim0k/st/stm32cubeide_1.19.0/plugins/com.st.stm32cube.common.mx_6.15.0.202507011659//db//plugins/boardmanager/
2026-03-29 10:38:41,683 [WARN] ApiDb:259 - Overriding images path with different value:  => /home/dim0k/st/stm32cubeide_1.19.0/plugins/com.st.stm32cube.common.mx_6.15.0.202507011659//db//plugins/mcufinder/images/
2026-03-29 10:38:41,703 [INFO] ApiDb:250 - Set database path to: /home/dim0k/.stmcufinder/plugins/mcufinder//mcu/
2026-03-29 10:38:41,708 [INFO] DbMcusAds:125 - Set database path to: /home/dim0k/.stmcufinder/plugins/mcufinder//mcu/
2026-03-29 10:38:41,715 [INFO] CrossReferenceDbSqlite:203 - Set database path to: /home/dim0k/.stmcufinder/plugins/mcufinder//mcu/cs/
2026-03-29 10:38:41,814 [INFO] RulesReader:64 - Compatibility file has been processed (317 Rules)
2026-03-29 10:38:41,856 [INFO] DbMcusXml:78 - Set database path to: /home/dim0k/st/stm32cubeide_1.19.0/plugins/com.st.stm32cube.common.mx_6.15.0.202507011659//db//mcu/
2026-03-29 10:38:41,856 [INFO] ApiDb:274 - Set plugin database path to: /home/dim0k/st/stm32cubeide_1.19.0/plugins/com.st.stm32cube.common.mx_6.15.0.202507011659//db//plugins/boardmanager/
2026-03-29 10:38:41,856 [INFO] ApiDb:261 - Set plugin images path to: /home/dim0k/st/stm32cubeide_1.19.0/plugins/com.st.stm32cube.common.mx_6.15.0.202507011659//db//plugins/mcufinder/images/
2026-03-29 10:38:41,856 [WARN] DbFile:41 - Overriding database path with different value: /home/dim0k/.stmcufinder/plugins/mcufinder/ => /home/dim0k/.stmcufinder/plugins/mcufinder
2026-03-29 10:38:41,856 [INFO] ApiDb:250 - Set database path to: /home/dim0k/.stmcufinder/plugins/mcufinder//mcu/
2026-03-29 10:38:41,856 [WARN] DbFile:41 - Overriding database path with different value: /home/dim0k/.stmcufinder/plugins/mcufinder/ => /home/dim0k/.stmcufinder/plugins/mcufinder
2026-03-29 10:38:41,856 [INFO] DbMcusAds:125 - Set database path to: /home/dim0k/.stmcufinder/plugins/mcufinder//mcu/
2026-03-29 10:38:41,857 [WARN] DbFile:41 - Overriding database path with different value: /home/dim0k/.stmcufinder/plugins/mcufinder/ => /home/dim0k/.stmcufinder/plugins/mcufinder
2026-03-29 10:38:41,857 [WARN] DbFile:41 - Overriding database path with different value: /home/dim0k/.stmcufinder/plugins/mcufinder/ => /home/dim0k/.stmcufinder/plugins/mcufinder
2026-03-29 10:38:41,857 [INFO] CrossReferenceDbSqlite:203 - Set database path to: /home/dim0k/.stmcufinder/plugins/mcufinder//mcu/cs/
2026-03-29 10:38:41,899 [INFO] MainPanel:274 - HeapMemory: 268435456
2026-03-29 10:38:41,988 [INFO] DbMcusXml:78 - Set database path to: /home/dim0k/st/stm32cubeide_1.19.0/plugins/com.st.stm32cube.common.mx_6.15.0.202507011659//db//mcu/
2026-03-29 10:38:41,989 [INFO] ApiDb:274 - Set plugin database path to: /home/dim0k/st/stm32cubeide_1.19.0/plugins/com.st.stm32cube.common.mx_6.15.0.202507011659//db//plugins/boardmanager/
2026-03-29 10:38:41,989 [INFO] ApiDb:261 - Set plugin images path to: /home/dim0k/st/stm32cubeide_1.19.0/plugins/com.st.stm32cube.common.mx_6.15.0.202507011659//db//plugins/mcufinder/images/
2026-03-29 10:38:41,989 [WARN] DbFile:41 - Overriding database path with different value: /home/dim0k/.stmcufinder/plugins/mcufinder/ => /home/dim0k/.stmcufinder/plugins/mcufinder
2026-03-29 10:38:41,989 [INFO] ApiDb:250 - Set database path to: /home/dim0k/.stmcufinder/plugins/mcufinder//mcu/
2026-03-29 10:38:41,989 [WARN] DbFile:41 - Overriding database path with different value: /home/dim0k/.stmcufinder/plugins/mcufinder/ => /home/dim0k/.stmcufinder/plugins/mcufinder
2026-03-29 10:38:41,989 [INFO] DbMcusAds:125 - Set database path to: /home/dim0k/.stmcufinder/plugins/mcufinder//mcu/
2026-03-29 10:38:41,989 [WARN] DbFile:41 - Overriding database path with different value: /home/dim0k/.stmcufinder/plugins/mcufinder/ => /home/dim0k/.stmcufinder/plugins/mcufinder
2026-03-29 10:38:41,989 [WARN] DbFile:41 - Overriding database path with different value: /home/dim0k/.stmcufinder/plugins/mcufinder/ => /home/dim0k/.stmcufinder/plugins/mcufinder
2026-03-29 10:38:41,989 [INFO] CrossReferenceDbSqlite:203 - Set database path to: /home/dim0k/.stmcufinder/plugins/mcufinder//mcu/cs/
2026-03-29 10:38:41,999 [INFO] ApplicationProperties:184 - Using Application install path: /home/dim0k/st/stm32cubeide_1.19.0/plugins/com.st.stm32cube.common.mx_6.15.0.202507011659
2026-03-29 10:38:42,000 [INFO] PluginManage:196 - Search for loadable plugins [exclusion list=, ]
2026-03-29 10:38:42,001 [INFO] PluginManage:310 - Check plugin analytics
2026-03-29 10:38:42,112 [INFO] AnalyticsPlugin:253 - Accepted Software Licenses: STM32CubeMX.6.16.0,STM32CubeMX.6.17.0
2026-03-29 10:38:42,113 [INFO] AnalyticsPlugin:255 - Accepted CMSIS Pack Licenses: 
2026-03-29 10:38:42,113 [INFO] AnalyticsPlugin:257 - Accepted Firmware Licenses: FW.F4.1.28.0,FW.F3.1.11.6
2026-03-29 10:38:42,114 [INFO] PluginManage:359 - Loaded plugin analytics (category:tool,tabindex:-1)
2026-03-29 10:38:42,114 [INFO] PluginManage:310 - Check plugin cadmodel
2026-03-29 10:38:42,118 [INFO] CADModel:105 - Init CAD model plugin
2026-03-29 10:38:42,118 [INFO] PluginManage:359 - Loaded plugin cadmodel (category:power,tabindex:5)
2026-03-29 10:38:42,118 [INFO] PluginManage:310 - Check plugin clock
2026-03-29 10:38:42,124 [INFO] PluginManage:359 - Loaded plugin clock (category:base,tabindex:2)
2026-03-29 10:38:42,125 [INFO] PluginManage:310 - Check plugin ddr
2026-03-29 10:38:42,126 [INFO] PluginManage:359 - Loaded plugin ddr (category:tool,tabindex:6)
2026-03-29 10:38:42,126 [INFO] PluginManage:310 - Check plugin filemanager
2026-03-29 10:38:42,281 [INFO] PluginManage:359 - Loaded plugin filemanager (category:base,tabindex:10)
2026-03-29 10:38:42,282 [INFO] PluginManage:310 - Check plugin ipmanager
2026-03-29 10:38:42,286 [INFO] PluginManage:359 - Loaded plugin ipmanager (category:base,tabindex:5)
2026-03-29 10:38:42,286 [INFO] PluginManage:310 - Check plugin lpbam
2026-03-29 10:38:42,293 [INFO] PluginManage:359 - Loaded plugin lpbam (category:base,tabindex:0)
2026-03-29 10:38:42,293 [INFO] PluginManage:310 - Check plugin memorymap
2026-03-29 10:38:42,302 [INFO] PluginManage:359 - Loaded plugin memorymap (category:base,tabindex:4)
2026-03-29 10:38:42,302 [INFO] PluginManage:310 - Check plugin pinoutandconfiguration
2026-03-29 10:38:42,308 [INFO] PluginManage:359 - Loaded plugin pinoutandconfiguration (category:base,tabindex:1)
2026-03-29 10:38:42,308 [INFO] PluginManage:310 - Check plugin pinoutconfig
2026-03-29 10:38:42,360 [WARN] SupportedApi:132 - Cannot load RTOS API schema: s4s-elt-must-match.1: The content of 'definitions' must match (annotation?, (simpleType | complexType)?, (unique | key | keyref)*)). A problem was found starting at: attribute.
2026-03-29 10:38:42,443 [INFO] PluginManage:359 - Loaded plugin pinoutconfig (category:base,tabindex:0)
2026-03-29 10:38:42,443 [INFO] PluginManage:310 - Check plugin power
2026-03-29 10:38:42,449 [INFO] PluginManage:359 - Loaded plugin power (category:power,tabindex:4)
2026-03-29 10:38:42,449 [INFO] PluginManage:310 - Check plugin projectmanager
2026-03-29 10:38:42,459 [INFO] PluginManage:359 - Loaded plugin projectmanager (category:projectmanager,tabindex:4)
2026-03-29 10:38:42,459 [INFO] PluginManage:310 - Check plugin rif
2026-03-29 10:38:42,466 [INFO] PluginManage:359 - Loaded plugin rif (category:base,tabindex:3)
2026-03-29 10:38:42,466 [INFO] PluginManage:310 - Check plugin thirdparty
2026-03-29 10:38:42,544 [INFO] PluginManage:359 - Loaded plugin thirdparty (category:base,tabindex:-1)
2026-03-29 10:38:42,544 [WARN] IntegrityCheckThread:84 - waiting for thirdparty lock release [integrity check]
2026-03-29 10:38:42,545 [INFO] PluginManage:310 - Check plugin tools
2026-03-29 10:38:42,545 [INFO] IntegrityCheckThread:86 - entering critical section [integrity check]
2026-03-29 10:38:42,545 [INFO] ThirdPartyUpdaterWithRetryManager:70 - Updater plugin not ready yet. [1/15]
2026-03-29 10:38:42,546 [INFO] PluginManage:359 - Loaded plugin tools (category:base,tabindex:7)
2026-03-29 10:38:42,546 [INFO] PluginManage:310 - Check plugin tutovideos
2026-03-29 10:38:42,671 [INFO] PluginManage:359 - Loaded plugin tutovideos (category:base,tabindex:-1)
2026-03-29 10:38:42,671 [INFO] PluginManage:310 - Check plugin updater
2026-03-29 10:38:42,684 [INFO] PluginManage:359 - Loaded plugin updater (category:base,tabindex:12)
2026-03-29 10:38:42,685 [INFO] PluginManage:310 - Check plugin userauth
2026-03-29 10:38:42,687 [INFO] UserAuth:118 - Init User Auth plugin
2026-03-29 10:38:42,688 [INFO] PluginManage:359 - Loaded plugin userauth (category:base,tabindex:14)
2026-03-29 10:38:42,688 [INFO] PluginManage:283 - PluginManage : Loaded plugins [18]
2026-03-29 10:38:42,800 [INFO] PinOutPanel:1589 - setPackage(No Configuration,No Configuration)
2026-03-29 10:38:42,858 [INFO] CADModel:165 - CPN selected for project level
2026-03-29 10:38:42,859 [INFO] CADModel:114 - Register for checkConnection events
2026-03-29 10:38:42,872 [INFO] IPUIPlugin:80 - create IPUIPlugin
2026-03-29 10:38:42,872 [INFO] PluginManager:220 - loadIPPluginJar : add stm32_wpan
2026-03-29 10:38:42,873 [INFO] IPUIPlugin:80 - create IPUIPlugin
2026-03-29 10:38:42,873 [INFO] PluginManager:220 - loadIPPluginJar : add tracer_emb
2026-03-29 10:38:42,876 [INFO] IPUIPlugin:80 - create IPUIPlugin
2026-03-29 10:38:42,876 [INFO] PluginManager:220 - loadIPPluginJar : add nvic
2026-03-29 10:38:42,878 [INFO] IPUIPlugin:80 - create IPUIPlugin
2026-03-29 10:38:42,878 [INFO] PluginManager:220 - loadIPPluginJar : add extmemmanager
2026-03-29 10:38:42,882 [INFO] IPUIPlugin:80 - create IPUIPlugin
2026-03-29 10:38:42,884 [INFO] PluginManager:220 - loadIPPluginJar : add plateformsettings
2026-03-29 10:38:42,885 [INFO] IPUIPlugin:80 - create IPUIPlugin
2026-03-29 10:38:42,885 [INFO] PluginManager:220 - loadIPPluginJar : add cryp
2026-03-29 10:38:42,887 [INFO] IPUIPlugin:80 - create IPUIPlugin
2026-03-29 10:38:42,887 [INFO] PluginManager:220 - loadIPPluginJar : add i2c
2026-03-29 10:38:42,888 [INFO] IPUIPlugin:80 - create IPUIPlugin
2026-03-29 10:38:42,888 [INFO] PluginManager:220 - loadIPPluginJar : add comp
2026-03-29 10:38:42,889 [INFO] IPUIPlugin:80 - create IPUIPlugin
2026-03-29 10:38:42,889 [INFO] PluginManager:220 - loadIPPluginJar : add tsc
2026-03-29 10:38:42,891 [INFO] IPUIPlugin:80 - create IPUIPlugin
2026-03-29 10:38:42,891 [INFO] PluginManager:220 - loadIPPluginJar : add usart
2026-03-29 10:38:42,892 [INFO] IPUIPlugin:80 - create IPUIPlugin
2026-03-29 10:38:42,892 [INFO] PluginManager:220 - loadIPPluginJar : add spi
2026-03-29 10:38:42,898 [INFO] IPUIPlugin:80 - create IPUIPlugin
2026-03-29 10:38:42,898 [INFO] PluginManager:220 - loadIPPluginJar : add linkedlist
2026-03-29 10:38:42,899 [INFO] IPUIPlugin:80 - create IPUIPlugin
2026-03-29 10:38:42,899 [INFO] PluginManager:220 - loadIPPluginJar : add i3c
2026-03-29 10:38:42,900 [INFO] IPUIPlugin:80 - create IPUIPlugin
2026-03-29 10:38:42,901 [INFO] PluginManager:220 - loadIPPluginJar : add opamp
2026-03-29 10:38:42,901 [INFO] IPUIPlugin:80 - create IPUIPlugin
2026-03-29 10:38:42,901 [INFO] PluginManager:220 - loadIPPluginJar : add quadspi
2026-03-29 10:38:42,903 [INFO] IPUIPlugin:80 - create IPUIPlugin
2026-03-29 10:38:42,903 [INFO] PluginManager:220 - loadIPPluginJar : add ddr_ctrl_phy
2026-03-29 10:38:42,905 [INFO] IPUIPlugin:80 - create IPUIPlugin
2026-03-29 10:38:42,906 [INFO] PluginManager:220 - loadIPPluginJar : add touchsensing
2026-03-29 10:38:42,908 [INFO] IPUIPlugin:80 - create IPUIPlugin
2026-03-29 10:38:42,908 [INFO] PluginManager:220 - loadIPPluginJar : add gpio
2026-03-29 10:38:42,910 [INFO] IPUIPlugin:80 - create IPUIPlugin
2026-03-29 10:38:42,910 [INFO] PluginManager:220 - loadIPPluginJar : add lorawan
2026-03-29 10:38:42,913 [INFO] IPUIPlugin:80 - create IPUIPlugin
2026-03-29 10:38:42,913 [INFO] PluginManager:220 - loadIPPluginJar : add mdma
2026-03-29 10:38:42,915 [INFO] IPUIPlugin:80 - create IPUIPlugin
2026-03-29 10:38:42,915 [INFO] PluginManager:220 - loadIPPluginJar : add hash
2026-03-29 10:38:42,916 [INFO] IPUIPlugin:80 - create IPUIPlugin
2026-03-29 10:38:42,916 [INFO] PluginManager:220 - loadIPPluginJar : add ltdc
2026-03-29 10:38:42,917 [INFO] IPUIPlugin:80 - create IPUIPlugin
2026-03-29 10:38:42,917 [INFO] PluginManager:220 - loadIPPluginJar : add genericplugin
2026-03-29 10:38:42,919 [INFO] IPUIPlugin:80 - create IPUIPlugin
2026-03-29 10:38:42,919 [INFO] PluginManager:220 - loadIPPluginJar : add openamp
2026-03-29 10:38:42,924 [INFO] IPUIPlugin:80 - create IPUIPlugin
2026-03-29 10:38:42,924 [INFO] PluginManager:220 - loadIPPluginJar : add freertos
2026-03-29 10:38:42,925 [INFO] IPUIPlugin:80 - create IPUIPlugin
2026-03-29 10:38:42,925 [INFO] PluginManager:220 - loadIPPluginJar : add i2s
2026-03-29 10:38:42,928 [INFO] IPUIPlugin:80 - create IPUIPlugin
2026-03-29 10:38:42,928 [INFO] PluginManager:220 - loadIPPluginJar : add gic
2026-03-29 10:38:42,929 [INFO] IPUIPlugin:80 - create IPUIPlugin
2026-03-29 10:38:42,929 [INFO] PluginManager:220 - loadIPPluginJar : add pdm2pcm
2026-03-29 10:38:42,931 [INFO] IPUIPlugin:80 - create IPUIPlugin
2026-03-29 10:38:42,931 [INFO] PluginManager:220 - loadIPPluginJar : add dfsdm
2026-03-29 10:38:42,932 [INFO] IPUIPlugin:80 - create IPUIPlugin
2026-03-29 10:38:42,932 [INFO] PluginManager:220 - loadIPPluginJar : add ts
2026-03-29 10:38:42,935 [INFO] IPUIPlugin:80 - create IPUIPlugin
2026-03-29 10:38:42,936 [INFO] PluginManager:220 - loadIPPluginJar : add adc
2026-03-29 10:38:42,937 [INFO] IPUIPlugin:80 - create IPUIPlugin
2026-03-29 10:38:42,937 [INFO] PluginManager:220 - loadIPPluginJar : add gtzc
2026-03-29 10:38:42,938 [INFO] IPUIPlugin:80 - create IPUIPlugin
2026-03-29 10:38:42,938 [INFO] PluginManager:220 - loadIPPluginJar : add can
2026-03-29 10:38:42,941 [INFO] IPUIPlugin:80 - create IPUIPlugin
2026-03-29 10:38:42,941 [INFO] PluginManager:220 - loadIPPluginJar : add ipddr
2026-03-29 10:38:42,943 [INFO] IPUIPlugin:80 - create IPUIPlugin
2026-03-29 10:38:42,943 [INFO] PluginManager:220 - loadIPPluginJar : add usbx
2026-03-29 10:38:42,945 [INFO] IPUIPlugin:80 - create IPUIPlugin
2026-03-29 10:38:42,945 [INFO] PluginManager:220 - loadIPPluginJar : add fmc
2026-03-29 10:38:42,946 [INFO] IPUIPlugin:80 - create IPUIPlugin
2026-03-29 10:38:42,946 [INFO] PluginManager:220 - loadIPPluginJar : add ucpd
2026-03-29 10:38:42,950 [INFO] IPUIPlugin:80 - create IPUIPlugin
2026-03-29 10:38:42,950 [INFO] PluginManager:220 - loadIPPluginJar : add dma
2026-03-29 10:38:42,951 [INFO] IPUIPlugin:80 - create IPUIPlugin
2026-03-29 10:38:42,951 [INFO] PluginManager:220 - loadIPPluginJar : add radio
2026-03-29 10:38:42,954 [INFO] IPUIPlugin:80 - create IPUIPlugin
2026-03-29 10:38:42,954 [INFO] PluginManager:220 - loadIPPluginJar : add resmgrutility
2026-03-29 10:38:42,956 [INFO] IPUIPlugin:80 - create IPUIPlugin
2026-03-29 10:38:42,956 [INFO] PluginManager:220 - loadIPPluginJar : add dma3
2026-03-29 10:38:42,957 [INFO] IPUIPlugin:80 - create IPUIPlugin
2026-03-29 10:38:42,957 [INFO] PluginManager:220 - loadIPPluginJar : add fatfs
2026-03-29 10:38:42,958 [INFO] IPUIPlugin:80 - create IPUIPlugin
2026-03-29 10:38:42,958 [INFO] PluginManager:220 - loadIPPluginJar : add aes
2026-03-29 10:38:42,959 [INFO] IPUIPlugin:80 - create IPUIPlugin
2026-03-29 10:38:42,959 [INFO] PluginManager:220 - loadIPPluginJar : add gfxmmu
2026-03-29 10:38:42,961 [INFO] IPUIPlugin:80 - create IPUIPlugin
2026-03-29 10:38:42,961 [INFO] PluginManager:220 - loadIPPluginJar : add sai
2026-03-29 10:38:42,962 [INFO] IPUIPlugin:80 - create IPUIPlugin
2026-03-29 10:38:42,962 [INFO] PluginManager:220 - loadIPPluginJar : add tim
2026-03-29 10:38:43,055 [FATAL] Updater:351 - Updater called before beeing initialized
2026-03-29 10:38:43,091 [INFO] RulesReader:64 - Compatibility file has been processed (317 Rules)
2026-03-29 10:38:43,105 [INFO] RulesReader:64 - Compatibility file has been processed (317 Rules)
2026-03-29 10:38:43,111 [INFO] CADModel:165 - CPN selected for project level
2026-03-29 10:38:43,111 [INFO] CADModel:114 - Register for checkConnection events
2026-03-29 10:38:43,112 [FATAL] Updater:351 - Updater called before beeing initialized
2026-03-29 10:38:43,112 [ERROR] CADModel:125 - Updater not yet initialized, retry later 
2026-03-29 10:38:43,191 [FATAL] Updater:351 - Updater called before beeing initialized
2026-03-29 10:38:43,193 [INFO] CADModel:165 - CPN selected for project level
2026-03-29 10:38:43,193 [INFO] CADModel:114 - Register for checkConnection events
2026-03-29 10:38:43,193 [FATAL] Updater:351 - Updater called before beeing initialized
2026-03-29 10:38:43,193 [ERROR] CADModel:125 - Updater not yet initialized, retry later 
2026-03-29 10:38:43,195 [FATAL] Updater:351 - Updater called before beeing initialized
2026-03-29 10:38:43,255 [FATAL] Updater:351 - Updater called before beeing initialized
2026-03-29 10:38:43,258 [INFO] DbMcusAds:53 - JSON generation date=Thu Mar 05 17:32:52 MSK 2026 (1772721172890)
2026-03-29 10:38:43,259 [FATAL] Updater:351 - Updater called before beeing initialized
2026-03-29 10:38:43,285 [WARN] DetailPanel:346 - Failed to get advertising image, set to default
2026-03-29 10:38:43,348 [FATAL] Updater:351 - Updater called before beeing initialized
2026-03-29 10:38:43,349 [FATAL] Updater:351 - Updater called before beeing initialized
2026-03-29 10:38:43,350 [FATAL] Updater:351 - Updater called before beeing initialized
2026-03-29 10:38:43,350 [WARN] DetailPanel:346 - Failed to get advertising image, set to default
2026-03-29 10:38:43,350 [FATAL] Updater:351 - Updater called before beeing initialized
2026-03-29 10:38:43,372 [ERROR] Updater:1198 - MainUpdater not yet initialized. External WinMGr cannot be set.
2026-03-29 10:38:43,373 [INFO] Updater:1134 - Updater Version found : 6.15.0
2026-03-29 10:38:43,384 [INFO] ApplicationProperties:184 - Using Application install path: /home/dim0k/st/stm32cubeide_1.19.0/plugins/com.st.stm32cube.common.mx_6.15.0.202507011659
2026-03-29 10:38:43,650 [ERROR] CheckConnectionManager:249 - Problem, Http access forbiden
2026-03-29 10:38:43,659 [INFO] MainUpdater:2872 - connection check result : 22
2026-03-29 10:38:43,662 [INFO] MainUpdater:289 - Updater Check For Update Now.
2026-03-29 10:38:43,662 [INFO] MicroXplorer:498 - Change Database Version : DB.6.0.150
2026-03-29 10:38:43,674 [INFO] McuFinderGlobals:63 - Set McuFinder mode to 2 (CubeIDE integrated)
2026-03-29 10:38:43,675 [INFO] UserAuth:171 - activating auth plugin
2026-03-29 10:38:43,678 [INFO] UserAuth:487 - Internet connection configuration mode: 2
2026-03-29 10:38:43,682 [INFO] UserAuth:487 - Internet connection configuration mode: 2
2026-03-29 10:38:43,831 [INFO] CheckServerUpdateThread:120 - End of CheckServer Thread
2026-03-29 10:38:45,661 [WARN] PackLoader:240 - Cannot read IP mode file for STMicroelectronics.X-CUBE-AZRTOS-H7.3.5.0
2026-03-29 10:38:45,667 [WARN] PackLoader:240 - Cannot read IP mode file for STMicroelectronics.FP-ATR-ASTRA1.2.0.2
2026-03-29 10:38:45,670 [WARN] PackLoader:240 - Cannot read IP mode file for STMicroelectronics.X-CUBE-SMBUS.2.1.0
2026-03-29 10:38:45,684 [WARN] PackLoader:240 - Cannot read IP mode file for STMicroelectronics.X-CUBE-AZRTOS-F7.1.1.0
2026-03-29 10:38:45,689 [WARN] PackLoader:240 - Cannot read IP mode file for STMicroelectronics.FP-SNS-MOTENV1.5.1.0
2026-03-29 10:38:45,694 [WARN] PackLoader:240 - Cannot read IP mode file for WES.I-CUBE-Cesium.1.4.0
2026-03-29 10:38:45,699 [WARN] PackLoader:240 - Cannot read IP mode file for STMicroelectronics.X-CUBE-DISPLAY.3.0.0
2026-03-29 10:38:45,704 [WARN] PackLoader:240 - Cannot read IP mode file for STMicroelectronics.FP-SNS-MOTENVWB1.1.5.0
2026-03-29 10:38:45,711 [WARN] PackLoader:240 - Cannot read IP mode file for STMicroelectronics.X-CUBE-NFC10.1.0.0
2026-03-29 10:38:45,718 [WARN] PackLoader:240 - Cannot read IP mode file for STMicroelectronics.X-CUBE-ST60.1.1.0
2026-03-29 10:38:45,722 [WARN] PackLoader:240 - Cannot read IP mode file for emotas.I-CUBE-CANOPEN.1.3.0
2026-03-29 10:38:45,726 [WARN] PackLoader:240 - Cannot read IP mode file for STMicroelectronics.X-CUBE-GNSS1.7.1.0
2026-03-29 10:38:45,731 [WARN] PackLoader:240 - Cannot read IP mode file for STMicroelectronics.FP-SNS-STBOX1.2.1.0
2026-03-29 10:38:45,734 [WARN] PackLoader:240 - Cannot read IP mode file for STMicroelectronics.FP-SNS-SMARTAG2.1.2.0
2026-03-29 10:38:45,737 [WARN] PackLoader:240 - Cannot read IP mode file for STMicroelectronics.FP-SNS-FLIGHT1.5.1.0
2026-03-29 10:38:45,742 [INFO] LogOutputStream:77 - [STDOUT_REDIRECT] 1 : Invalid condition id : UX_CORESTACK_Condition cause : null
2026-03-29 10:38:45,742 [INFO] LogOutputStream:77 - [STDOUT_REDIRECT] 1 : Invalid condition id : UX_CORESTACK_Condition cause : null
2026-03-29 10:38:45,743 [INFO] LogOutputStream:77 - [STDOUT_REDIRECT] 1 : Invalid condition id : UX_CORESTACK_Condition cause : null
2026-03-29 10:38:45,743 [INFO] LogOutputStream:77 - [STDOUT_REDIRECT] 1 : Invalid condition id : UX_CORESTACK_Condition cause : null
2026-03-29 10:38:45,743 [INFO] LogOutputStream:77 - [STDOUT_REDIRECT] 1 : Invalid condition id : UX_CORESTACK_Condition cause : null
2026-03-29 10:38:45,745 [WARN] PackLoader:240 - Cannot read IP mode file for STMicroelectronics.X-CUBE-AZRTOS-WL.2.0.0
2026-03-29 10:38:45,757 [WARN] PackLoader:240 - Cannot read IP mode file for STMicroelectronics.X-CUBE-AZRTOS-H7RS.1.2.0
2026-03-29 10:38:45,761 [WARN] PackLoader:240 - Cannot read IP mode file for STMicroelectronics.X-CUBE-BLE2.3.3.0
2026-03-29 10:38:45,783 [WARN] PackLoader:240 - Cannot read IP mode file for Infineon.AIROC-Wi-Fi-Bluetooth-STM32.1.8.0
2026-03-29 10:38:45,790 [WARN] PackLoader:240 - Cannot read IP mode file for STMicroelectronics.X-CUBE-NFC9.1.0.0
2026-03-29 10:38:45,794 [WARN] PackLoader:240 - Cannot read IP mode file for STMicroelectronics.X-CUBE-BLE1.7.1.0
2026-03-29 10:38:45,797 [WARN] PackLoader:240 - Cannot read IP mode file for wolfSSL.I-CUBE-wolfMQTT.1.19.2
2026-03-29 10:38:45,800 [WARN] PackLoader:240 - Cannot read IP mode file for STMicroelectronics.X-CUBE-EEPRMA1.5.2.0
2026-03-29 10:38:45,803 [WARN] PackLoader:240 - Cannot read IP mode file for wolfSSL.I-CUBE-wolfSSL.5.8.4
2026-03-29 10:38:45,805 [WARN] PackLoader:240 - Cannot read IP mode file for Cesanta.I-CUBE-Mongoose.7.20.0
2026-03-29 10:38:45,829 [WARN] PackLoader:240 - Cannot read IP mode file for STMicroelectronics.X-CUBE-MEMS1.12.0.0
2026-03-29 10:38:45,897 [WARN] PackLoader:240 - Cannot read IP mode file for STMicroelectronics.X-CUBE-AZRTOS-G0.1.1.0
2026-03-29 10:38:45,902 [WARN] PackLoader:240 - Cannot read IP mode file for STMicroelectronics.X-CUBE-NFC4.3.0.0
2026-03-29 10:38:45,907 [WARN] PackLoader:240 - Cannot read IP mode file for EmbeddedOffice.I-CUBE-FS-RTOS.1.0.1
2026-03-29 10:38:45,912 [WARN] PackLoader:240 - Cannot read IP mode file for STMicroelectronics.X-CUBE-WB05N.2.0.0
2026-03-29 10:38:45,915 [WARN] PackLoader:240 - Cannot read IP mode file for wolfSSL.I-CUBE-wolfTPM.3.8.0
2026-03-29 10:38:45,918 [WARN] PackLoader:240 - Cannot read IP mode file for STMicroelectronics.X-CUBE-TCPP.4.2.0
2026-03-29 10:38:45,921 [WARN] PackLoader:240 - Cannot read IP mode file for RealThread.X-CUBE-RT-Thread_Nano.4.1.1
2026-03-29 10:38:45,924 [WARN] PackLoader:240 - Cannot read IP mode file for STMicroelectronics.FP-ATR-SIGFOX1.3.2.0
2026-03-29 10:38:45,927 [WARN] PackLoader:240 - Cannot read IP mode file for STMicroelectronics.X-CUBE-FREERTOS.1.5.0
2026-03-29 10:38:45,931 [WARN] PackLoader:240 - Cannot read IP mode file for ITTIA_DB.I-CUBE-ITTIADB.8.9.0
2026-03-29 10:38:45,935 [WARN] PackLoader:240 - Cannot read IP mode file for STMicroelectronics.X-CUBE-NFC6.3.2.0
2026-03-29 10:38:45,939 [WARN] PackLoader:240 - Cannot read IP mode file for STMicroelectronics.X-CUBE-AI.10.2.0
2026-03-29 10:38:45,952 [WARN] PackLoader:240 - Cannot read IP mode file for SEGGER.I-CUBE-embOS.1.3.1
2026-03-29 10:38:45,979 [WARN] PackLoader:240 - Cannot read IP mode file for STMicroelectronics.X-CUBE-ALGOBUILD.1.4.0
2026-03-29 10:38:45,981 [WARN] PackLoader:240 - Cannot read IP mode file for STMicroelectronics.X-CUBE-PM33A1.1.0.0
2026-03-29 10:38:45,992 [WARN] PackLoader:240 - Cannot read IP mode file for STMicroelectronics.X-CUBE-AZRTOS-F4.1.1.0
2026-03-29 10:38:45,996 [WARN] PackLoader:240 - Cannot read IP mode file for STMicroelectronics.X-CUBE-ISPU.2.1.0
2026-03-29 10:38:46,006 [WARN] PackLoader:240 - Cannot read IP mode file for STMicroelectronics.X-CUBE-IPS.3.2.0
2026-03-29 10:38:46,015 [WARN] PackLoader:240 - Cannot read IP mode file for STMicroelectronics.X-CUBE-NFC12.1.0.0
2026-03-29 10:38:46,043 [WARN] PackLoader:240 - Cannot read IP mode file for STMicroelectronics.X-CUBE-AZRTOS-L5.2.0.0
2026-03-29 10:38:46,050 [WARN] PackLoader:240 - Cannot read IP mode file for STMicroelectronics.X-CUBE-TOUCHGFX.4.26.1
2026-03-29 10:38:46,054 [WARN] PackLoader:240 - Cannot read IP mode file for STMicroelectronics.FP-SNS-STAIOTCFT.1.0.0
2026-03-29 10:38:46,058 [WARN] PackLoader:240 - Cannot read IP mode file for STMicroelectronics.X-CUBE-DPower.1.3.0
2026-03-29 10:38:46,071 [WARN] ConditionMgr:438 - getConditionDescription Invalid condition id : LAN8742 Phy interface Condition cause : null
2026-03-29 10:38:46,072 [WARN] PackLoader:240 - Cannot read IP mode file for STMicroelectronics.X-CUBE-AZRTOS-L4.2.0.0
2026-03-29 10:38:46,073 [WARN] ConditionMgr:1044 - genDependencies : Invalid condition id : LAN8742 Phy interface Condition cause : null
2026-03-29 10:38:46,073 [WARN] ConditionMgr:1044 - genDependencies : Invalid condition id : LAN8742 Phy interface Condition cause : null
2026-03-29 10:38:46,073 [WARN] ConditionMgr:1044 - genDependencies : Invalid condition id : LAN8742 Phy interface Condition cause : null
2026-03-29 10:38:46,078 [WARN] PackLoader:240 - Cannot read IP mode file for STMicroelectronics.X-CUBE-SFXS2LP1.4.0.0
2026-03-29 10:38:46,083 [WARN] PackLoader:240 - Cannot read IP mode file for STMicroelectronics.X-CUBE-ST67W61.1.2.0
2026-03-29 10:38:46,091 [WARN] PackLoader:240 - Cannot read IP mode file for STMicroelectronics.X-CUBE-BLEMGR.4.1.0
2026-03-29 10:38:46,101 [WARN] ConditionMgr:438 - getConditionDescription Invalid condition id : UX DEVICE CLASS RTOS Condition cause : null
2026-03-29 10:38:46,101 [WARN] ConditionMgr:438 - getConditionDescription Invalid condition id : UX DEVICE CLASS RTOS Condition cause : null
2026-03-29 10:38:46,103 [WARN] PackLoader:240 - Cannot read IP mode file for STMicroelectronics.X-CUBE-AZRTOS-WB.2.0.0
2026-03-29 10:38:46,103 [WARN] ConditionMgr:1044 - genDependencies : Invalid condition id : UX DEVICE CLASS RTOS Condition cause : null
2026-03-29 10:38:46,103 [WARN] ConditionMgr:1044 - genDependencies : Invalid condition id : UX DEVICE CLASS RTOS Condition cause : null
2026-03-29 10:38:46,104 [WARN] ConditionMgr:1044 - genDependencies : Invalid condition id : UX DEVICE CLASS RTOS Condition cause : null
2026-03-29 10:38:46,104 [WARN] ConditionMgr:1044 - genDependencies : Invalid condition id : UX DEVICE CLASS RTOS Condition cause : null
2026-03-29 10:38:46,104 [WARN] ConditionMgr:1044 - genDependencies : Invalid condition id : UX DEVICE CLASS RTOS Condition cause : null
2026-03-29 10:38:46,107 [WARN] ConditionMgr:438 - getConditionDescription Invalid condition id : Cortex-A Device cause : null
2026-03-29 10:38:46,112 [WARN] ConditionMgr:1044 - genDependencies : Invalid condition id : Cortex-A Device cause : null
2026-03-29 10:38:46,113 [WARN] ConditionMgr:1044 - genDependencies : Invalid condition id : Cortex-A Device cause : null
2026-03-29 10:38:46,113 [WARN] ConditionMgr:1044 - genDependencies : Invalid condition id : Cortex-A Device cause : null
2026-03-29 10:38:46,118 [WARN] PackLoader:240 - Cannot read IP mode file for STMicroelectronics.X-CUBE-STSE01.2.0.0
2026-03-29 10:38:46,125 [WARN] PackLoader:240 - Cannot read IP mode file for STMicroelectronics.X-CUBE-SUBG2.5.0.0
2026-03-29 10:38:46,137 [WARN] PackLoader:240 - Cannot read IP mode file for STMicroelectronics.X-CUBE-AZRTOS-G4.2.0.0
2026-03-29 10:38:46,140 [WARN] PackLoader:240 - Cannot read IP mode file for wolfSSL.I-CUBE-wolfSSH.1.4.20
2026-03-29 10:38:46,142 [WARN] PackLoader:240 - Cannot read IP mode file for STMicroelectronics.X-CUBE-NFC7.2.0.0
2026-03-29 10:38:46,144 [WARN] PackLoader:240 - Cannot read IP mode file for STMicroelectronics.X-CUBE-ALS.1.0.2
2026-03-29 10:38:46,150 [WARN] PackLoader:240 - Cannot read IP mode file for STMicroelectronics.X-CUBE-TOF1.3.4.3
2026-03-29 10:38:46,155 [INFO] ThirdParty:978 - Integrity check success = true
2026-03-29 10:38:46,155 [INFO] IntegrityCheckThread:100 - exiting critical section [integrity check]
2026-03-29 10:38:46,156 [INFO] IntegrityCheckThread:103 - End integrity checks thread
2026-03-29 14:59:21,506 [ERROR] ConfigurationRetriever:142 - IOException on connection: sw-center.st.com
2026-03-29 14:59:21,507 [ERROR] ConfigurationRetriever:142 - IOException on connection: sw-center.st.com
2026-03-29 14:59:21,508 [ERROR] ConfigurationRetriever:142 - IOException on connection: sw-center.st.com
